crash|37|bugly|1.2.6
crash|37|175.8618293|bugly|1.2.7
analytics|funcell_korea|175.10097|igaworks|4.6.0_1
forum|funcell_korea|175.10097|cafe|2.5.2_2
push|funcell_korea|175.10097|igaworks|2.1.0_1
analytics|funcell_korea|175.10097|appsflyer|4.8.1_11.8.0_6
crash|37|175.10007|bugly|1.2.7.01
analytics|onestore|175.10235|appsflyer|4.8.1_11.8.0_2
analytics|onestore|175.10235|igaworks|4.4.8a_3
forum|onestore|175.10235|cafe|2.5.2_1
push|onestore|175.10235|igaworks|1.5.4a_2
analytics|onestore|175.10507|appsflyer|4.8.1_9.8.0_5
analytics|onestore|175.10507|igaworks|4.4.8a_3
forum|onestore|175.10507|cafe|2.5.2_1
push|onestore|175.10507|igaworks|1.5.4a_2
analytics|haoxin|175.10526|appsflyer|4.8.1_9.8.0_5
forum|haoxin|175.10526|ktplay|4.3.3_2
helpshift|haoxin|175.10526|aihelp|1.3.8_27.0.2_1
share|haoxin|175.10526|facebook|4.31.0_27.0.2_2
share|haoxin|175.10526|twitter|1.3.1
analytics|onestore|175.10235|appsflyer|4.8.1_11.8.0_2
helpshift|meizu|175.10174|quick|1.2.1_3
helpshift|pengyouwan_yh|175.10127|quick|1.2.1_3
helpshift|huawei|175.10171|quick|1.2.1_3
helpshift|gameview|175.10741|helpshift|4.7.3.3
push|gameview|175.10741|xinge|3.2.3_4
